<?xml version="1.0" encoding="UTF-8"?>
<testsuite xmlns:xsi="http://www.w3.org/2001/XMLSchema-instance" xsi:noNamespaceSchemaLocation="https://maven.apache.org/surefire/maven-surefire-plugin/xsd/surefire-test-report.xsd" version="3.0.1" name="sqa.lab.QuadraticEquationLEDTTest" time="0.248" tests="11" errors="0" skipped="0" failures="0">
  <properties>
[...]
</properties>
  <testcase name="testDetermineRootNature_LEDT(int, int, int, int, RootNature)[1]" classname="sqa.lab.QuadraticEquationLEDTTest" time="0.081"/>
  <testcase name="testDetermineRootNature_LEDT(int, int, int, int, RootNature)[2]" classname="sqa.lab.QuadraticEquationLEDTTest" time="0.005"/>
  <testcase name="testDetermineRootNature_LEDT(int, int, int, int, RootNature)[3]" classname="sqa.lab.QuadraticEquationLEDTTest" time="0.002"/>
  <testcase name="testDetermineRootNature_LEDT(int, int, int, int, RootNature)[4]" classname="sqa.lab.QuadraticEquationLEDTTest" time="0.006"/>
  <testcase name="testDetermineRootNature_LEDT(int, int, int, int, RootNature)[5]" classname="sqa.lab.QuadraticEquationLEDTTest" time="0.005"/>
  <testcase name="testDetermineRootNature_LEDT_InvalidInput(int, int, int)[1]" classname="sqa.lab.QuadraticEquationLEDTTest" time="0.012"/>
  <testcase name="testDetermineRootNature_LEDT_InvalidInput(int, int, int)[2]" classname="sqa.lab.QuadraticEquationLEDTTest" time="0.002"/>
  <testcase name="testDetermineRootNature_LEDT_InvalidInput(int, int, int)[3]" classname="sqa.lab.QuadraticEquationLEDTTest" time="0.001"/>
  <testcase name="testDetermineRootNature_LEDT_InvalidInput(int, int, int)[4]" classname="sqa.lab.QuadraticEquationLEDTTest" time="0.001"/>
  <testcase name="testDetermineRootNature_LEDT_InvalidInput(int, int, int)[5]" classname="sqa.lab.QuadraticEquationLEDTTest" time="0.001"/>
  <testcase name="testDetermineRootNature_LEDT_InvalidInput(int, int, int)[6]" classname="sqa.lab.QuadraticEquationLEDTTest" time="0.002"/>
</testsuite>